# JRE version: OpenJDK Runtime Environment (8.0_112-b06) (build 1.8.0_112-release-b06)
# Java VM: OpenJDK 64-Bit Server VM (25.112-b06 mixed mode windows-amd64 compressed oops)
Heap:
 PSYoungGen      total 164352K, used 89083K [0x00000000e0000000, 0x00000000eb100000, 0x0000000100000000)
  eden space 152576K, 50% used [0x00000000e0000000,0x00000000e4b83dc8,0x00000000e9500000)
  from space 11776K, 99% used [0x00000000e9f80000,0x00000000eaafafc0,0x00000000eab00000)
  to   space 6144K, 0% used [0x00000000eab00000,0x00000000eab00000,0x00000000eb100000)
 ParOldGen       total 81920K, used 17570K [0x00000000a0000000, 0x00000000a5000000, 0x00000000e0000000)
  object space 81920K, 21% used [0x00000000a0000000,0x00000000a1128b18,0x00000000a5000000)
 Metaspace       used 47065K, capacity 48498K, committed 48640K, reserved 1091584K
  class space    used 6344K, capacity 6635K, committed 6656K, reserved 1048576K
GC Heap History (10 events):
Event: 32.631 GC heap before
{Heap before GC invocations=7 (full 1):
 PSYoungGen      total 70656K, used 70627K [0x00000000e0000000, 0x00000000e8280000, 0x0000000100000000)
  eden space 65536K, 100% used [0x00000000e0000000,0x00000000e4000000,0x00000000e4000000)
  from space 5120K, 99% used [0x00000000e4000000,0x00000000e44f8f20,0x00000000e4500000)
  to   space 11776K, 0% used [0x00000000e7700000,0x00000000e7700000,0x00000000e8280000)
 ParOldGen       total 57856K, used 13041K [0x00000000a0000000, 0x00000000a3880000, 0x00000000e0000000)
  object space 57856K, 22% used [0x00000000a0000000,0x00000000a0cbc7d8,0x00000000a3880000)
 Metaspace       used 29888K, capacity 30494K, committed 30720K, reserved 1075200K
  class space    used 4075K, capacity 4247K, committed 4352K, reserved 1048576K
Event: 32.644 GC heap after
Heap after GC invocations=7 (full 1):
 PSYoungGen      total 113664K, used 6936K [0x00000000e0000000, 0x00000000e7e00000, 0x0000000100000000)
  eden space 106496K, 0% used [0x00000000e0000000,0x00000000e0000000,0x00000000e6800000)
  from space 7168K, 96% used [0x00000000e7700000,0x00000000e7dc6038,0x00000000e7e00000)
  to   space 10752K, 0% used [0x00000000e6900000,0x00000000e6900000,0x00000000e7380000)
 ParOldGen       total 57856K, used 13113K [0x00000000a0000000, 0x00000000a3880000, 0x00000000e0000000)
  object space 57856K, 22% used [0x00000000a0000000,0x00000000a0cce7e8,0x00000000a3880000)
 Metaspace       used 29888K, capacity 30494K, committed 30720K, reserved 1075200K
  class space    used 4075K, capacity 4247K, committed 4352K, reserved 1048576K
}
Event: 47.735 GC heap before
{Heap before GC invocations=8 (full 1):
 PSYoungGen      total 113664K, used 49326K [0x00000000e0000000, 0x00000000e7e00000, 0x0000000100000000)
  eden space 106496K, 39% used [0x00000000e0000000,0x00000000e2965a78,0x00000000e6800000)
  from space 7168K, 96% used [0x00000000e7700000,0x00000000e7dc6038,0x00000000e7e00000)
  to   space 10752K, 0% used [0x00000000e6900000,0x00000000e6900000,0x00000000e7380000)
 ParOldGen       total 57856K, used 13113K [0x00000000a0000000, 0x00000000a3880000, 0x00000000e0000000)
  object space 57856K, 22% used [0x00000000a0000000,0x00000000a0cce7e8,0x00000000a3880000)
 Metaspace       used 34578K, capacity 35296K, committed 35416K, reserved 1079296K
  class space    used 4658K, capacity 4851K, committed 4864K, reserved 1048576K
Event: 47.751 GC heap after
Heap after GC invocations=8 (full 1):
 PSYoungGen      total 118272K, used 10738K [0x00000000e0000000, 0x00000000eba80000, 0x0000000100000000)
  eden space 107520K, 0% used [0x00000000e0000000,0x00000000e0000000,0x00000000e6900000)
  from space 10752K, 99% used [0x00000000e6900000,0x00000000e737c8f8,0x00000000e7380000)
  to   space 12288K, 0% used [0x00000000eae80000,0x00000000eae80000,0x00000000eba80000)
 ParOldGen       total 57856K, used 13305K [0x00000000a0000000, 0x00000000a3880000, 0x00000000e0000000)
  object space 57856K, 22% used [0x00000000a0000000,0x00000000a0cfe720,0x00000000a3880000)
 Metaspace       used 34578K, capacity 35296K, committed 35416K, reserved 1079296K
  class space    used 4658K, capacity 4851K, committed 4864K, reserved 1048576K
}
Event: 47.751 GC heap before
{Heap before GC invocations=9 (full 2):
 PSYoungGen      total 118272K, used 10738K [0x00000000e0000000, 0x00000000eba80000, 0x0000000100000000)
  eden space 107520K, 0% used [0x00000000e0000000,0x00000000e0000000,0x00000000e6900000)
  from space 10752K, 99% used [0x00000000e6900000,0x00000000e737c8f8,0x00000000e7380000)
  to   space 12288K, 0% used [0x00000000eae80000,0x00000000eae80000,0x00000000eba80000)
 ParOldGen       total 57856K, used 13305K [0x00000000a0000000, 0x00000000a3880000, 0x00000000e0000000)
  object space 57856K, 22% used [0x00000000a0000000,0x00000000a0cfe720,0x00000000a3880000)
 Metaspace       used 34578K, capacity 35296K, committed 35416K, reserved 1079296K
  class space    used 4658K, capacity 4851K, committed 4864K, reserved 1048576K
Event: 47.860 GC heap after
Heap after GC invocations=9 (full 2):
 PSYoungGen      total 118272K, used 0K [0x00000000e0000000, 0x00000000eba80000, 0x0000000100000000)
  eden space 107520K, 0% used [0x00000000e0000000,0x00000000e0000000,0x00000000e6900000)
  from space 10752K, 0% used [0x00000000e6900000,0x00000000e6900000,0x00000000e7380000)
  to   space 12288K, 0% used [0x00000000eae80000,0x00000000eae80000,0x00000000eba80000)
 ParOldGen       total 81920K, used 17554K [0x00000000a0000000, 0x00000000a5000000, 0x00000000e0000000)
  object space 81920K, 21% used [0x00000000a0000000,0x00000000a1124b18,0x00000000a5000000)
 Metaspace       used 34578K, capacity 35296K, committed 35416K, reserved 1079296K
  class space    used 4658K, capacity 4851K, committed 4864K, reserved 1048576K
}
Event: 57.231 GC heap before
{Heap before GC invocations=10 (full 2):
 PSYoungGen      total 118272K, used 107520K [0x00000000e0000000, 0x00000000eba80000, 0x0000000100000000)
  eden space 107520K, 100% used [0x00000000e0000000,0x00000000e6900000,0x00000000e6900000)
  from space 10752K, 0% used [0x00000000e6900000,0x00000000e6900000,0x00000000e7380000)
  to   space 12288K, 0% used [0x00000000eae80000,0x00000000eae80000,0x00000000eba80000)
 ParOldGen       total 81920K, used 17554K [0x00000000a0000000, 0x00000000a5000000, 0x00000000e0000000)
  object space 81920K, 21% used [0x00000000a0000000,0x00000000a1124b18,0x00000000a5000000)
 Metaspace       used 42829K, capacity 43722K, committed 43904K, reserved 1087488K
  class space    used 5757K, capacity 6003K, committed 6016K, reserved 1048576K
Event: 57.247 GC heap after
Heap after GC invocations=10 (full 2):
 PSYoungGen      total 115712K, used 10918K [0x00000000e0000000, 0x00000000eb980000, 0x0000000100000000)
  eden space 104448K, 0% used [0x00000000e0000000,0x00000000e0000000,0x00000000e6600000)
  from space 11264K, 96% used [0x00000000eae80000,0x00000000eb929b08,0x00000000eb980000)
  to   space 13312K, 0% used [0x00000000e9f80000,0x00000000e9f80000,0x00000000eac80000)
 ParOldGen       total 81920K, used 17562K [0x00000000a0000000, 0x00000000a5000000, 0x00000000e0000000)
  object space 81920K, 21% used [0x00000000a0000000,0x00000000a1126b18,0x00000000a5000000)
 Metaspace       used 42829K, capacity 43722K, committed 43904K, reserved 1087488K
  class space    used 5757K, capacity 6003K, committed 6016K, reserved 1048576K
}
Event: 57.855 GC heap before
{Heap before GC invocations=11 (full 2):
 PSYoungGen      total 115712K, used 115366K [0x00000000e0000000, 0x00000000eb980000, 0x0000000100000000)
  eden space 104448K, 100% used [0x00000000e0000000,0x00000000e6600000,0x00000000e6600000)
  from space 11264K, 96% used [0x00000000eae80000,0x00000000eb929b08,0x00000000eb980000)
  to   space 13312K, 0% used [0x00000000e9f80000,0x00000000e9f80000,0x00000000eac80000)
 ParOldGen       total 81920K, used 17562K [0x00000000a0000000, 0x00000000a5000000, 0x00000000e0000000)
  object space 81920K, 21% used [0x00000000a0000000,0x00000000a1126b18,0x00000000a5000000)
 Metaspace       used 43434K, capacity 44340K, committed 44544K, reserved 1087488K
  class space    used 5793K, capacity 6062K, committed 6144K, reserved 1048576K
Event: 57.879 GC heap after
Heap after GC invocations=11 (full 2):
 PSYoungGen      total 164352K, used 11755K [0x00000000e0000000, 0x00000000eb100000, 0x0000000100000000)
  eden space 152576K, 0% used [0x00000000e0000000,0x00000000e0000000,0x00000000e9500000)
  from space 11776K, 99% used [0x00000000e9f80000,0x00000000eaafafc0,0x00000000eab00000)
  to   space 6144K, 0% used [0x00000000eab00000,0x00000000eab00000,0x00000000eb100000)
 ParOldGen       total 81920K, used 17570K [0x00000000a0000000, 0x00000000a5000000, 0x00000000e0000000)
  object space 81920K, 21% used [0x00000000a0000000,0x00000000a1128b18,0x00000000a5000000)
 Metaspace       used 43434K, capacity 44340K, committed 44544K, reserved 1087488K
  class space    used 5793K, capacity 6062K, committed 6144K, reserved 1048576K
}

